Unloading intel-mpi/2019-intel <aL>
  Unloading useless requirement: intel-oneapi-compilers/2021.4.0
i04r05c04s06
Currently Loaded Modulefiles:
 1) intel-mkl/2020(default) <aL>            5) intel-mpi/2019-gcc  
 2) stack/22.2.1{arch=auto}(default) <aL>   6) cmake/3.14.5        
 3) slurm_setup/1.0(default)                7) gdb/11.1            
 4) gcc/11.2.0(default)                    

Key:
{variant=value}  (symbolic-version)  <module-tag>  <aL>=auto-loaded  
/dss/lrzsys/sys/spack/release/22.2.1/opt/x86_64/intel-mpi/2019.12.320-gcc-wx7cjlg/compilers_and_libraries_2020.4.320/linux/mpi/intel64/bin/mpirun
#ranks: 8
 
 
jobname:  hwtest
index:    8
logdir:   /tmp/hwtest-5004178/8
localtmp: /tmp/hwtest-5004178/tmp/8
output:   /hppfs/work/pn72pu/di97lib/logs/hwtest-5004178
instance: /hppfs/work/pn72pu/di97lib/instances/hwmcc20miters/cnf/opt/qspiflash_dualflexpress_divthree-p046.cnf.xz
 
/hppfs/work/pn72pu/di97lib/instances/hwmcc20miters/cnf/opt/qspiflash_dualflexpress_divthree-p046.cnf.xz -> /tmp/hwtest-5004178/8
Mon Oct 13 16:59:03 CEST 2025 JOB 8 LAUNCHING
mpiexec -n 8 --bind-to core --map-by numa -genvall build/mallob -mono-app=SATWITHPRE -satsolver=[k_]w -pb=1 -pjp=999999 -pef=1 -mono=/hppfs/work/pn72pu/di97lib/instances/hwmcc20miters/cnf/opt/qspiflash_dualflexpress_divthree-p046.cnf.xz -jwl=300 -T=330 -wam=60000 -pre-cleanup=1 -q=1 -log=/tmp/hwtest-5004178/8 -tmp=/tmp/hwtest-5004178/tmp/8 -comment-outputlogdir=/hppfs/work/pn72pu/di97lib/logs/hwtest-5004178 -sro=/tmp/hwtest-5004178/8/processed-jobs.out -trace-dir=/tmp/hwtest-5004178/8/ -os=1 -v=4 -iff=0 -s2f=/tmp/hwtest-5004178/8/model -cm=0 -rpa=1 -pph=2 -mlpt=50000000 -t=24 -isp=0 -div-phases=1 -div-noise=0 -div-seeds=1 -div-elim=0 -div-native=0 -scsd=0 -scll=60 -slbdl=60 -qcll=60 -qlbdl=60 -csm=3 -cfm=3 -cfci=30 -mscf=5 -bem=1 -aim=1 -rlbd=0 -ilbd=1 -randlbd=0 -scramble-lbds=0 -seed=0 -spd=/tmp/hwtest-5004178/8/ -spl=3
PROLOG: /tmp/hwtest-5004178/8 /tmp/hwtest-5004178/tmp/8
PROLOG: /tmp/hwtest-5004178/8 /tmp/hwtest-5004178/tmp/8
PROLOG: /tmp/hwtest-5004178/8 /tmp/hwtest-5004178/tmp/8
PROLOG: /tmp/hwtest-5004178/8 /tmp/hwtest-5004178/tmp/8
PROLOG: /tmp/hwtest-5004178/8 /tmp/hwtest-5004178/tmp/8
PROLOG: /tmp/hwtest-5004178/8 /tmp/hwtest-5004178/tmp/8
PROLOG: /tmp/hwtest-5004178/8 /tmp/hwtest-5004178/tmp/8
PROLOG: /tmp/hwtest-5004178/8 /tmp/hwtest-5004178/tmp/8
